{"E:\\unit-testing\\microbank\\src\\components\\CreateAccount.vue": {"path":"E:\\unit-testing\\microbank\\src\\components\\CreateAccount.vue","statementMap":{"0":{"start":{"line":54,"column":0},"end":{"line":54,"column":null}},"1":{"start":{"line":55,"column":0},"end":{"line":55,"column":null}},"2":{"start":{"line":57,"column":0},"end":{"line":57,"column":null}},"3":{"start":{"line":59,"column":0},"end":{"line":59,"column":null}},"4":{"start":{"line":62,"column":0},"end":{"line":62,"column":null}},"5":{"start":{"line":69,"column":0},"end":{"line":69,"column":null}},"6":{"start":{"line":70,"column":0},"end":{"line":70,"column":null}},"7":{"start":{"line":73,"column":0},"end":{"line":79,"column":null}},"8":{"start":{"line":74,"column":0},"end":{"line":74,"column":null}},"9":{"start":{"line":75,"column":0},"end":{"line":75,"column":null}},"10":{"start":{"line":77,"column":0},"end":{"line":77,"column":null}},"11":{"start":{"line":78,"column":0},"end":{"line":78,"column":null}},"12":{"start":{"line":82,"column":0},"end":{"line":84,"column":null}},"13":{"start":{"line":83,"column":0},"end":{"line":83,"column":null}},"14":{"start":{"line":85,"column":0},"end":{"line":87,"column":null}},"15":{"start":{"line":86,"column":0},"end":{"line":86,"column":null}},"16":{"start":{"line":88,"column":0},"end":{"line":90,"column":null}},"17":{"start":{"line":89,"column":0},"end":{"line":89,"column":null}},"18":{"start":{"line":91,"column":0},"end":{"line":93,"column":null}},"19":{"start":{"line":92,"column":0},"end":{"line":92,"column":null}},"20":{"start":{"line":94,"column":0},"end":{"line":94,"column":null}},"21":{"start":{"line":61,"column":0},"end":{"line":61,"column":null}}},"fnMap":{"0":{"name":"(anonymous_1)","decl":{"start":{"line":59,"column":0},"end":{"line":59,"column":null}},"loc":{"start":{"line":59,"column":0},"end":{"line":96,"column":null}}},"1":{"name":"(anonymous_2)","decl":{"start":{"line":71,"column":0},"end":{"line":71,"column":null}},"loc":{"start":{"line":71,"column":0},"end":{"line":80,"column":null}}},"2":{"name":"(anonymous_3)","decl":{"start":{"line":81,"column":0},"end":{"line":81,"column":null}},"loc":{"start":{"line":81,"column":0},"end":{"line":95,"column":null}}}},"branchMap":{"0":{"loc":{"start":{"line":73,"column":0},"end":{"line":79,"column":null}},"type":"if","locations":[{"start":{"line":73,"column":0},"end":{"line":79,"column":null}},{"start":{"line":73,"column":0},"end":{"line":79,"column":null}}]},"1":{"loc":{"start":{"line":82,"column":0},"end":{"line":84,"column":null}},"type":"if","locations":[{"start":{"line":82,"column":0},"end":{"line":84,"column":null}},{"start":{"line":82,"column":0},"end":{"line":84,"column":null}}]},"2":{"loc":{"start":{"line":85,"column":0},"end":{"line":87,"column":null}},"type":"if","locations":[{"start":{"line":85,"column":0},"end":{"line":87,"column":null}},{"start":{"line":85,"column":0},"end":{"line":87,"column":null}}]},"3":{"loc":{"start":{"line":88,"column":0},"end":{"line":90,"column":null}},"type":"if","locations":[{"start":{"line":88,"column":0},"end":{"line":90,"column":null}},{"start":{"line":88,"column":0},"end":{"line":90,"column":null}}]},"4":{"loc":{"start":{"line":91,"column":0},"end":{"line":93,"column":null}},"type":"if","locations":[{"start":{"line":91,"column":0},"end":{"line":93,"column":null}},{"start":{"line":91,"column":0},"end":{"line":93,"column":null}}]},"5":{"loc":{"start":{"line":94,"column":0},"end":{"line":94,"column":null}},"type":"cond-expr","locations":[{"start":{"line":94,"column":0},"end":{"line":94,"column":null}},{"start":{"line":94,"column":0},"end":{"line":94,"column":null}}]}},"s":{"0":1,"1":1,"2":1,"3":2,"4":5,"5":5,"6":5,"7":7,"8":0,"9":0,"10":7,"11":7,"12":8,"13":8,"14":8,"15":8,"16":8,"17":8,"18":8,"19":8,"20":8,"21":1},"f":{"0":5,"1":7,"2":8},"b":{"0":[0,7],"1":[8,0],"2":[8,0],"3":[8,0],"4":[8,0],"5":[8,0]}}
,"E:\\unit-testing\\microbank\\src\\components\\UserDashboard.vue": {"path":"E:\\unit-testing\\microbank\\src\\components\\UserDashboard.vue","statementMap":{"0":{"start":{"line":61,"column":0},"end":{"line":61,"column":null}},"1":{"start":{"line":62,"column":0},"end":{"line":62,"column":null}},"2":{"start":{"line":64,"column":0},"end":{"line":64,"column":null}},"3":{"start":{"line":69,"column":0},"end":{"line":69,"column":null}},"4":{"start":{"line":74,"column":0},"end":{"line":74,"column":null}},"5":{"start":{"line":80,"column":0},"end":{"line":80,"column":null}},"6":{"start":{"line":82,"column":0},"end":{"line":82,"column":null}},"7":{"start":{"line":83,"column":0},"end":{"line":83,"column":null}},"8":{"start":{"line":84,"column":0},"end":{"line":84,"column":null}},"9":{"start":{"line":85,"column":0},"end":{"line":85,"column":null}},"10":{"start":{"line":88,"column":0},"end":{"line":88,"column":null}},"11":{"start":{"line":91,"column":0},"end":{"line":91,"column":null}},"12":{"start":{"line":92,"column":0},"end":{"line":92,"column":null}},"13":{"start":{"line":93,"column":0},"end":{"line":93,"column":null}},"14":{"start":{"line":71,"column":0},"end":{"line":71,"column":null}},"15":{"start":{"line":73,"column":0},"end":{"line":73,"column":null}},"16":{"start":{"line":69,"column":0},"end":{"line":65,"column":null}}},"fnMap":{"0":{"name":"(anonymous_1)","decl":{"start":{"line":69,"column":0},"end":{"line":69,"column":null}},"loc":{"start":{"line":69,"column":0},"end":{"line":95,"column":null}}},"1":{"name":"(anonymous_2)","decl":{"start":{"line":81,"column":0},"end":{"line":81,"column":null}},"loc":{"start":{"line":81,"column":0},"end":{"line":86,"column":null}}},"2":{"name":"(anonymous_3)","decl":{"start":{"line":87,"column":0},"end":{"line":87,"column":null}},"loc":{"start":{"line":87,"column":0},"end":{"line":89,"column":null}}},"3":{"name":"(anonymous_4)","decl":{"start":{"line":90,"column":0},"end":{"line":90,"column":null}},"loc":{"start":{"line":90,"column":0},"end":{"line":94,"column":null}}}},"branchMap":{},"s":{"0":1,"1":1,"2":1,"3":1,"4":7,"5":7,"6":1,"7":1,"8":1,"9":1,"10":7,"11":2,"12":2,"13":0,"14":1,"15":1,"16":1},"f":{"0":7,"1":1,"2":7,"3":2},"b":{}}
,"E:\\unit-testing\\microbank\\src\\utility\\data.ts": {"path":"E:\\unit-testing\\microbank\\src\\utility\\data.ts","statementMap":{"0":{"start":{"line":1,"column":20},"end":{"line":1,"column":null}}},"fnMap":{},"branchMap":{},"s":{"0":1},"f":{},"b":{}}
}
