TN:
SF:E:\unit-testing\microbank\src\components\CreateAccount.vue
FN:59,(anonymous_1)
FN:71,(anonymous_2)
FN:81,(anonymous_3)
FNF:3
FNH:3
FNDA:5,(anonymous_1)
FNDA:7,(anonymous_2)
FNDA:8,(anonymous_3)
DA:54,1
DA:55,1
DA:57,1
DA:59,2
DA:61,1
DA:62,5
DA:69,5
DA:70,5
DA:73,7
DA:74,0
DA:75,0
DA:77,7
DA:78,7
DA:82,8
DA:83,8
DA:85,8
DA:86,8
DA:88,8
DA:89,8
DA:91,8
DA:92,8
DA:94,8
LF:22
LH:20
BRDA:73,0,0,0
BRDA:73,0,1,7
BRDA:82,1,0,8
BRDA:82,1,1,0
BRDA:85,2,0,8
BRDA:85,2,1,0
BRDA:88,3,0,8
BRDA:88,3,1,0
BRDA:91,4,0,8
BRDA:91,4,1,0
BRDA:94,5,0,8
BRDA:94,5,1,0
BRF:12
BRH:6
end_of_record
TN:
SF:E:\unit-testing\microbank\src\components\UserDashboard.vue
FN:69,(anonymous_1)
FN:81,(anonymous_2)
FN:87,(anonymous_3)
FN:90,(anonymous_4)
FNF:4
FNH:4
FNDA:7,(anonymous_1)
FNDA:1,(anonymous_2)
FNDA:7,(anonymous_3)
FNDA:2,(anonymous_4)
DA:61,1
DA:62,1
DA:64,1
DA:69,1
DA:71,1
DA:73,1
DA:74,7
DA:80,7
DA:82,1
DA:83,1
DA:84,1
DA:85,1
DA:88,7
DA:91,2
DA:92,2
DA:93,0
LF:16
LH:15
BRF:0
BRH:0
end_of_record
TN:
SF:E:\unit-testing\microbank\src\utility\data.ts
FNF:0
FNH:0
DA:1,1
LF:1
LH:1
BRF:0
BRH:0
end_of_record
